mode: atomic
github.com/Razzle131/loglint/cmd/main.go:12.13,20.2 6 0
github.com/Razzle131/loglint/config/config.go:22.41,24.62 2 0
github.com/Razzle131/loglint/config/config.go:24.62,26.3 1 0
github.com/Razzle131/loglint/config/config.go:28.2,28.12 1 0
github.com/Razzle131/loglint/logcheck/decorators.go:7.71,9.9 2 228
github.com/Razzle131/loglint/logcheck/decorators.go:9.9,11.3 1 149
github.com/Razzle131/loglint/logcheck/decorators.go:13.2,13.22 1 79
github.com/Razzle131/loglint/logcheck/logcheck.go:27.48,40.2 5 1
github.com/Razzle131/loglint/logcheck/logcheck.go:42.52,44.9 2 1
github.com/Razzle131/loglint/logcheck/logcheck.go:44.9,45.38 1 0
github.com/Razzle131/loglint/logcheck/logcheck.go:48.2,52.50 2 1
github.com/Razzle131/loglint/logcheck/logcheck.go:52.50,54.10 2 59
github.com/Razzle131/loglint/logcheck/logcheck.go:54.10,56.4 1 0
github.com/Razzle131/loglint/logcheck/logcheck.go:58.3,60.59 2 59
github.com/Razzle131/loglint/logcheck/logcheck.go:60.59,62.4 1 771
github.com/Razzle131/loglint/logcheck/logcheck.go:63.3,63.16 1 59
github.com/Razzle131/loglint/logcheck/logcheck.go:63.16,65.4 1 12
github.com/Razzle131/loglint/logcheck/logcheck.go:67.3,71.32 4 47
github.com/Razzle131/loglint/logcheck/logcheck.go:71.32,73.4 1 13
github.com/Razzle131/loglint/logcheck/logcheck.go:75.3,75.28 1 47
github.com/Razzle131/loglint/logcheck/logcheck.go:75.28,78.4 1 39
github.com/Razzle131/loglint/logcheck/logcheck.go:81.2,81.17 1 1
github.com/Razzle131/loglint/logcheck/logcheck.go:84.38,92.2 5 60
github.com/Razzle131/loglint/logcheck/logcheck.go:94.50,99.29 4 39
github.com/Razzle131/loglint/logcheck/logcheck.go:99.29,100.17 1 117
github.com/Razzle131/loglint/logcheck/logcheck.go:100.17,101.12 1 106
github.com/Razzle131/loglint/logcheck/logcheck.go:103.3,103.25 1 11
github.com/Razzle131/loglint/logcheck/logcheck.go:106.2,106.12 1 39
github.com/Razzle131/loglint/logcheck/logcheck.go:109.43,110.51 1 33
github.com/Razzle131/loglint/logcheck/logcheck.go:110.51,112.3 1 28
github.com/Razzle131/loglint/logcheck/logcheck.go:114.2,114.18 1 5
github.com/Razzle131/loglint/logcheck/logcheck.go:117.64,121.18 3 7
github.com/Razzle131/loglint/logcheck/logcheck.go:121.18,129.3 5 12
github.com/Razzle131/loglint/logcheck/logcheck.go:131.2,131.12 1 7
github.com/Razzle131/loglint/logcheck/logcheck.go:134.43,135.28 1 45
github.com/Razzle131/loglint/logcheck/logcheck.go:135.28,137.3 1 0
github.com/Razzle131/loglint/logcheck/logcheck.go:139.2,139.16 1 45
github.com/Razzle131/loglint/logcheck/logcheck.go:139.16,141.3 1 2
github.com/Razzle131/loglint/logcheck/logcheck.go:143.2,144.68 2 43
github.com/Razzle131/loglint/logcheck/logcheck.go:144.68,146.3 1 5
github.com/Razzle131/loglint/logcheck/logcheck.go:148.2,148.12 1 38
github.com/Razzle131/loglint/logcheck/logcheck.go:151.35,152.28 1 43
github.com/Razzle131/loglint/logcheck/logcheck.go:152.28,154.3 1 0
github.com/Razzle131/loglint/logcheck/logcheck.go:156.2,156.47 1 43
github.com/Razzle131/loglint/logcheck/logcheck.go:156.47,158.3 1 223
github.com/Razzle131/loglint/logcheck/logcheck.go:158.5,160.3 1 3
github.com/Razzle131/loglint/logcheck/logcheck.go:162.2,162.12 1 40
github.com/Razzle131/loglint/logcheck/logcheck.go:165.42,166.28 1 45
github.com/Razzle131/loglint/logcheck/logcheck.go:166.28,168.3 1 0
github.com/Razzle131/loglint/logcheck/logcheck.go:170.2,170.47 1 45
github.com/Razzle131/loglint/logcheck/logcheck.go:170.47,172.3 1 230
github.com/Razzle131/loglint/logcheck/logcheck.go:172.5,174.3 1 9
github.com/Razzle131/loglint/logcheck/logcheck.go:176.2,176.12 1 36
github.com/Razzle131/loglint/logcheck/logcheck.go:179.37,180.28 1 36
github.com/Razzle131/loglint/logcheck/logcheck.go:180.28,182.3 1 0
github.com/Razzle131/loglint/logcheck/logcheck.go:184.2,184.54 1 36
github.com/Razzle131/loglint/logcheck/logcheck.go:184.54,186.3 1 29
github.com/Razzle131/loglint/logcheck/logcheck.go:188.2,188.12 1 7
github.com/Razzle131/loglint/logcheck/logcheck.go:192.48,194.54 2 39
github.com/Razzle131/loglint/logcheck/logcheck.go:194.54,195.13 1 0
github.com/Razzle131/loglint/logcheck/logcheck.go:197.2,197.21 1 39
