mode: atomic
github.com/Razzle131/loglint/config/config.go:22.41,24.62 2 0
github.com/Razzle131/loglint/config/config.go:24.62,26.3 1 0
github.com/Razzle131/loglint/config/config.go:28.2,28.12 1 0
github.com/Razzle131/loglint/cmd/main.go:11.13,19.2 6 0
github.com/Razzle131/loglint/logcheck/decorators.go:7.71,9.9 2 0
github.com/Razzle131/loglint/logcheck/decorators.go:9.9,11.3 1 0
github.com/Razzle131/loglint/logcheck/decorators.go:13.2,13.22 1 0
github.com/Razzle131/loglint/logcheck/logcheck.go:25.48,37.2 5 0
github.com/Razzle131/loglint/logcheck/logcheck.go:39.52,40.34 1 0
github.com/Razzle131/loglint/logcheck/logcheck.go:40.34,41.43 1 0
github.com/Razzle131/loglint/logcheck/logcheck.go:41.43,43.11 2 0
github.com/Razzle131/loglint/logcheck/logcheck.go:43.11,45.5 1 0
github.com/Razzle131/loglint/logcheck/logcheck.go:47.4,48.17 2 0
github.com/Razzle131/loglint/logcheck/logcheck.go:48.17,50.5 1 0
github.com/Razzle131/loglint/logcheck/logcheck.go:52.4,52.60 1 0
github.com/Razzle131/loglint/logcheck/logcheck.go:52.60,54.5 1 0
github.com/Razzle131/loglint/logcheck/logcheck.go:55.4,55.17 1 0
github.com/Razzle131/loglint/logcheck/logcheck.go:55.17,57.5 1 0
github.com/Razzle131/loglint/logcheck/logcheck.go:59.4,63.33 4 0
github.com/Razzle131/loglint/logcheck/logcheck.go:63.33,65.5 1 0
github.com/Razzle131/loglint/logcheck/logcheck.go:67.4,67.29 1 0
github.com/Razzle131/loglint/logcheck/logcheck.go:67.29,70.5 1 0
github.com/Razzle131/loglint/logcheck/logcheck.go:72.4,72.15 1 0
github.com/Razzle131/loglint/logcheck/logcheck.go:76.2,76.17 1 0
github.com/Razzle131/loglint/logcheck/logcheck.go:79.38,87.2 5 0
github.com/Razzle131/loglint/logcheck/logcheck.go:89.50,94.29 4 0
github.com/Razzle131/loglint/logcheck/logcheck.go:94.29,95.17 1 0
github.com/Razzle131/loglint/logcheck/logcheck.go:95.17,96.12 1 0
github.com/Razzle131/loglint/logcheck/logcheck.go:98.3,98.25 1 0
github.com/Razzle131/loglint/logcheck/logcheck.go:101.2,101.12 1 0
github.com/Razzle131/loglint/logcheck/logcheck.go:104.43,105.51 1 0
github.com/Razzle131/loglint/logcheck/logcheck.go:105.51,107.3 1 0
github.com/Razzle131/loglint/logcheck/logcheck.go:109.2,109.18 1 0
github.com/Razzle131/loglint/logcheck/logcheck.go:112.64,116.18 3 0
github.com/Razzle131/loglint/logcheck/logcheck.go:116.18,124.3 5 0
github.com/Razzle131/loglint/logcheck/logcheck.go:126.2,126.12 1 0
github.com/Razzle131/loglint/logcheck/logcheck.go:129.43,130.28 1 6
github.com/Razzle131/loglint/logcheck/logcheck.go:130.28,132.3 1 0
github.com/Razzle131/loglint/logcheck/logcheck.go:134.2,134.16 1 6
github.com/Razzle131/loglint/logcheck/logcheck.go:134.16,136.3 1 1
github.com/Razzle131/loglint/logcheck/logcheck.go:138.2,139.68 2 5
github.com/Razzle131/loglint/logcheck/logcheck.go:139.68,141.3 1 2
github.com/Razzle131/loglint/logcheck/logcheck.go:143.2,143.12 1 3
github.com/Razzle131/loglint/logcheck/logcheck.go:146.35,147.28 1 4
github.com/Razzle131/loglint/logcheck/logcheck.go:147.28,149.3 1 0
github.com/Razzle131/loglint/logcheck/logcheck.go:151.2,151.47 1 4
github.com/Razzle131/loglint/logcheck/logcheck.go:151.47,153.3 1 21
github.com/Razzle131/loglint/logcheck/logcheck.go:153.5,155.3 1 1
github.com/Razzle131/loglint/logcheck/logcheck.go:157.2,157.12 1 3
github.com/Razzle131/loglint/logcheck/logcheck.go:160.42,161.28 1 6
github.com/Razzle131/loglint/logcheck/logcheck.go:161.28,163.3 1 0
github.com/Razzle131/loglint/logcheck/logcheck.go:165.2,165.47 1 6
github.com/Razzle131/loglint/logcheck/logcheck.go:165.47,167.3 1 36
github.com/Razzle131/loglint/logcheck/logcheck.go:167.5,169.3 1 3
github.com/Razzle131/loglint/logcheck/logcheck.go:171.2,171.12 1 3
github.com/Razzle131/loglint/logcheck/logcheck.go:174.37,175.28 1 3
github.com/Razzle131/loglint/logcheck/logcheck.go:175.28,177.3 1 0
github.com/Razzle131/loglint/logcheck/logcheck.go:179.2,179.54 1 3
github.com/Razzle131/loglint/logcheck/logcheck.go:179.54,181.3 1 1
github.com/Razzle131/loglint/logcheck/logcheck.go:183.2,183.12 1 2
github.com/Razzle131/loglint/logcheck/logcheck.go:187.48,189.54 2 0
github.com/Razzle131/loglint/logcheck/logcheck.go:189.54,190.13 1 0
github.com/Razzle131/loglint/logcheck/logcheck.go:192.2,192.21 1 0
